{
  "stats": {
    "suites": 1,
    "tests": 7,
    "passes": 7,
    "pending": 0,
    "failures": 0,
    "start": "2023-03-15T08:41:07.851Z",
    "end": "2023-03-15T08:42:16.414Z",
    "duration": 68563,
    "testsRegistered": 7,
    "passPercent": 100,
    "pendingPercent": 0,
    "other": 0,
    "hasOther": false,
    "skipped": 0,
    "hasSkipped": false
  },
  "results": [
    {
      "uuid": "57bf8889-ba1b-4c30-bb30-66588fd93bdf",
      "title": "",
      "fullFile": "cypress\\e2e\\one-time-donation.ts",
      "file": "cypress\\e2e\\one-time-donation.ts",
      "beforeHooks": [],
      "afterHooks": [],
      "tests": [],
      "suites": [
        {
          "uuid": "c609ef9f-49d2-4272-8d3f-9b9b3987166b",
          "title": "Submit One-Time Donation with $5.00",
          "fullFile": "",
          "file": "",
          "beforeHooks": [],
          "afterHooks": [],
          "tests": [
            {
              "title": "Without 3D secure Verification",
              "fullTitle": "Submit One-Time Donation with $5.00 Without 3D secure Verification",
              "timedOut": null,
              "duration": 14461,
              "state": "passed",
              "speed": "slow",
              "pass": true,
              "fail": false,
              "pending": false,
              "context": null,
              "code": "COMM_ELEMENTS.scenarios('Without 3D secure Verfication');",
              "err": {},
              "uuid": "5b15f388-83bc-41a7-9ad7-b9e54ebc50cf",
              "parentUUID": "c609ef9f-49d2-4272-8d3f-9b9b3987166b",
              "isHook": false,
              "skipped": false
            },
            {
              "title": "With 3D secure Verification",
              "fullTitle": "Submit One-Time Donation with $5.00 With 3D secure Verification",
              "timedOut": null,
              "duration": 9508,
              "state": "passed",
              "speed": "medium",
              "pass": true,
              "fail": false,
              "pending": false,
              "context": null,
              "code": "COMM_ELEMENTS.scenarios('With 3D secure Verfication');",
              "err": {},
              "uuid": "2a3d394b-2c90-41f7-8ef9-2bc2865c6a59",
              "parentUUID": "c609ef9f-49d2-4272-8d3f-9b9b3987166b",
              "isHook": false,
              "skipped": false
            },
            {
              "title": "Validate Mandatory Fields",
              "fullTitle": "Submit One-Time Donation with $5.00 Validate Mandatory Fields",
              "timedOut": null,
              "duration": 5659,
              "state": "passed",
              "speed": "medium",
              "pass": true,
              "fail": false,
              "pending": false,
              "context": null,
              "code": "COMM_ELEMENTS.scenarios('Mandatory fields');",
              "err": {},
              "uuid": "34a9cfed-4a95-4d5f-9d0f-65e79808197d",
              "parentUUID": "c609ef9f-49d2-4272-8d3f-9b9b3987166b",
              "isHook": false,
              "skipped": false
            },
            {
              "title": "Failed submission with 3D secure Verification",
              "fullTitle": "Submit One-Time Donation with $5.00 Failed submission with 3D secure Verification",
              "timedOut": null,
              "duration": 9871,
              "state": "passed",
              "speed": "medium",
              "pass": true,
              "fail": false,
              "pending": false,
              "context": null,
              "code": "COMM_ELEMENTS.scenarios('Failed submission with 3D secure Verification');",
              "err": {},
              "uuid": "8fef9036-7470-49d3-b97b-ebad34af7055",
              "parentUUID": "c609ef9f-49d2-4272-8d3f-9b9b3987166b",
              "isHook": false,
              "skipped": false
            },
            {
              "title": "Complete submission with 3D secure Verification",
              "fullTitle": "Submit One-Time Donation with $5.00 Complete submission with 3D secure Verification",
              "timedOut": null,
              "duration": 8729,
              "state": "passed",
              "speed": "medium",
              "pass": true,
              "fail": false,
              "pending": false,
              "context": null,
              "code": "COMM_ELEMENTS.scenarios('Complete submission with 3D secure Verification');",
              "err": {},
              "uuid": "2762bd42-db47-4c16-bb25-8de61a3d2752",
              "parentUUID": "c609ef9f-49d2-4272-8d3f-9b9b3987166b",
              "isHook": false,
              "skipped": false
            },
            {
              "title": "Save information for 1-click Checkout",
              "fullTitle": "Submit One-Time Donation with $5.00 Save information for 1-click Checkout",
              "timedOut": null,
              "duration": 12316,
              "state": "passed",
              "speed": "slow",
              "pass": true,
              "fail": false,
              "pending": false,
              "context": null,
              "code": "COMM_ELEMENTS.scenarios('Save information for 1-click Checkout');",
              "err": {},
              "uuid": "a62a9355-8693-4693-b292-3b6c50109801",
              "parentUUID": "c609ef9f-49d2-4272-8d3f-9b9b3987166b",
              "isHook": false,
              "skipped": false
            },
            {
              "title": "Validate incomplete email address",
              "fullTitle": "Submit One-Time Donation with $5.00 Validate incomplete email address",
              "timedOut": null,
              "duration": 5132,
              "state": "passed",
              "speed": "medium",
              "pass": true,
              "fail": false,
              "pending": false,
              "context": null,
              "code": "COMM_ELEMENTS.scenarios('Validate incomplete email address');",
              "err": {},
              "uuid": "ca1ed19b-0e7b-4159-8224-a64a8f178059",
              "parentUUID": "c609ef9f-49d2-4272-8d3f-9b9b3987166b",
              "isHook": false,
              "skipped": false
            }
          ],
          "suites": [],
          "passes": [
            "5b15f388-83bc-41a7-9ad7-b9e54ebc50cf",
            "2a3d394b-2c90-41f7-8ef9-2bc2865c6a59",
            "34a9cfed-4a95-4d5f-9d0f-65e79808197d",
            "8fef9036-7470-49d3-b97b-ebad34af7055",
            "2762bd42-db47-4c16-bb25-8de61a3d2752",
            "a62a9355-8693-4693-b292-3b6c50109801",
            "ca1ed19b-0e7b-4159-8224-a64a8f178059"
          ],
          "failures": [],
          "pending": [],
          "skipped": [],
          "duration": 65676,
          "root": false,
          "rootEmpty": false,
          "_timeout": 2000
        }
      ],
      "passes": [],
      "failures": [],
      "pending": [],
      "skipped": [],
      "duration": 0,
      "root": true,
      "rootEmpty": true,
      "_timeout": 2000
    }
  ],
  "meta": {
    "mocha": {
      "version": "7.0.1"
    },
    "mochawesome": {
      "options": {
        "quiet": false,
        "reportFilename": "mochawesome",
        "saveHtml": false,
        "saveJson": true,
        "consoleReporter": "spec",
        "useInlineDiffs": false,
        "code": true
      },
      "version": "7.1.3"
    },
    "marge": {
      "options": {
        "id": "default",
        "reportDir": "cypress/reports/mocha",
        "quite": true,
        "overwrite": false,
        "html": false,
        "json": true
      },
      "version": "6.2.0"
    }
  }
}